<?xml version="1.0" encoding="UTF-8"?>
<!-- Generated by org.testng.reporters.JUnitReportReporter -->
<testsuite hostname="NitinSharma" failures="0" tests="1" name="testCases.TC_001" time="3.570" errors="0" timestamp="2022-04-21T17:59:33 IST" skipped="0">
  <testcase classname="testCases.TC_001" name="tc_001" time="3.570"/>
  <system-out/>
</testsuite> <!-- testCases.TC_001 -->
